0 info it worked if it ends with ok
1 verbose cli [ '/home/altanai/.nvm/versions/node/v5.0.0/bin/node',
1 verbose cli   '/home/altanai/.nvm/versions/node/v5.0.0/bin/npm',
1 verbose cli   'install' ]
2 info using npm@3.3.6
3 info using node@v5.0.0
4 silly loadCurrentTree Starting
5 silly install loadCurrentTree
6 silly install readLocalPackageData
7 silly install normalizeTree
8 silly loadCurrentTree Finishing
9 silly loadIdealTree Starting
10 silly install loadIdealTree
11 silly cloneCurrentTree Starting
12 silly install cloneCurrentTreeToIdealTree
13 silly cloneCurrentTree Finishing
14 silly loadShrinkwrap Starting
15 silly install loadShrinkwrap
16 silly loadShrinkwrap Finishing
17 silly loadAllDepsIntoIdealTree Starting
18 silly install loadAllDepsIntoIdealTree
19 silly fetchNamedPackageData socket.io-client
20 silly mapToRegistry name socket.io-client
21 silly mapToRegistry using default registry
22 silly mapToRegistry registry https://registry.npmjs.org/
23 silly mapToRegistry uri https://registry.npmjs.org/socket.io-client
24 verbose request uri https://registry.npmjs.org/socket.io-client
25 verbose request no auth needed
26 info attempt registry request try #1 at 6:11:54 PM
27 verbose request using bearer token for auth
28 verbose request id 9e9b68d8ff07696d
29 verbose etag "4VMEZHW7S1WUY567KUXSNDRI8"
30 http request GET https://registry.npmjs.org/socket.io-client
31 http 304 https://registry.npmjs.org/socket.io-client
32 verbose headers { 'cache-control': 'max-age=300',
32 verbose headers   'accept-ranges': 'bytes',
32 verbose headers   date: 'Tue, 12 Jul 2016 12:41:55 GMT',
32 verbose headers   via: '1.1 varnish',
32 verbose headers   connection: 'keep-alive',
32 verbose headers   'x-served-by': 'cache-fra1239-FRA',
32 verbose headers   'x-cache': 'MISS',
32 verbose headers   'x-cache-hits': '0',
32 verbose headers   'x-timer': 'S1468327314.988257,VS0,VE182',
32 verbose headers   vary: 'Accept-Encoding' }
33 silly get cb [ 304,
33 silly get   { 'cache-control': 'max-age=300',
33 silly get     'accept-ranges': 'bytes',
33 silly get     date: 'Tue, 12 Jul 2016 12:41:55 GMT',
33 silly get     via: '1.1 varnish',
33 silly get     connection: 'keep-alive',
33 silly get     'x-served-by': 'cache-fra1239-FRA',
33 silly get     'x-cache': 'MISS',
33 silly get     'x-cache-hits': '0',
33 silly get     'x-timer': 'S1468327314.988257,VS0,VE182',
33 silly get     vary: 'Accept-Encoding' } ]
34 verbose etag https://registry.npmjs.org/socket.io-client from cache
35 verbose get saving socket.io-client to /home/altanai/.npm/registry.npmjs.org/socket.io-client/.cache.json
36 silly resolveWithNewModule socket.io-client@0.9.16 checking installable status
37 silly cache add args [ 'socket.io-client@0.9.16', null ]
38 verbose cache add spec socket.io-client@0.9.16
39 silly cache add parsed spec Result {
39 silly cache add   raw: 'socket.io-client@0.9.16',
39 silly cache add   scope: null,
39 silly cache add   name: 'socket.io-client',
39 silly cache add   rawSpec: '0.9.16',
39 silly cache add   spec: '0.9.16',
39 silly cache add   type: 'version' }
40 silly addNamed socket.io-client@0.9.16
41 verbose addNamed "0.9.16" is a plain semver version for socket.io-client
42 silly mapToRegistry name socket.io-client
43 silly mapToRegistry using default registry
44 silly mapToRegistry registry https://registry.npmjs.org/
45 silly mapToRegistry uri https://registry.npmjs.org/socket.io-client
46 verbose addNameVersion registry:https://registry.npmjs.org/socket.io-client not in flight; fetching
47 verbose get https://registry.npmjs.org/socket.io-client not expired, no request
48 silly cache afterAdd socket.io-client@0.9.16
49 verbose afterAdd /home/altanai/.npm/socket.io-client/0.9.16/package/package.json not in flight; writing
50 verbose afterAdd /home/altanai/.npm/socket.io-client/0.9.16/package/package.json written
51 silly fetchNamedPackageData uglify-js
52 silly mapToRegistry name uglify-js
53 silly mapToRegistry using default registry
54 silly mapToRegistry registry https://registry.npmjs.org/
55 silly mapToRegistry uri https://registry.npmjs.org/uglify-js
56 verbose request uri https://registry.npmjs.org/uglify-js
57 verbose request no auth needed
58 info attempt registry request try #1 at 6:11:55 PM
59 verbose request using bearer token for auth
60 verbose etag "5DPNEOX0BM7FI30RCJK9ODFTH"
61 http request GET https://registry.npmjs.org/uglify-js
62 http 304 https://registry.npmjs.org/uglify-js
63 verbose headers { 'cache-control': 'max-age=300',
63 verbose headers   'accept-ranges': 'bytes',
63 verbose headers   date: 'Tue, 12 Jul 2016 12:41:55 GMT',
63 verbose headers   via: '1.1 varnish',
63 verbose headers   connection: 'keep-alive',
63 verbose headers   'x-served-by': 'cache-fra1222-FRA',
63 verbose headers   'x-cache': 'MISS',
63 verbose headers   'x-cache-hits': '0',
63 verbose headers   'x-timer': 'S1468327315.865568,VS0,VE107',
63 verbose headers   vary: 'Accept-Encoding' }
64 silly get cb [ 304,
64 silly get   { 'cache-control': 'max-age=300',
64 silly get     'accept-ranges': 'bytes',
64 silly get     date: 'Tue, 12 Jul 2016 12:41:55 GMT',
64 silly get     via: '1.1 varnish',
64 silly get     connection: 'keep-alive',
64 silly get     'x-served-by': 'cache-fra1222-FRA',
64 silly get     'x-cache': 'MISS',
64 silly get     'x-cache-hits': '0',
64 silly get     'x-timer': 'S1468327315.865568,VS0,VE107',
64 silly get     vary: 'Accept-Encoding' } ]
65 verbose etag https://registry.npmjs.org/uglify-js from cache
66 verbose get saving uglify-js to /home/altanai/.npm/registry.npmjs.org/uglify-js/.cache.json
67 silly resolveWithNewModule uglify-js@1.2.5 checking installable status
68 silly cache add args [ 'uglify-js@1.2.5', null ]
69 verbose cache add spec uglify-js@1.2.5
70 silly cache add parsed spec Result {
70 silly cache add   raw: 'uglify-js@1.2.5',
70 silly cache add   scope: null,
70 silly cache add   name: 'uglify-js',
70 silly cache add   rawSpec: '1.2.5',
70 silly cache add   spec: '1.2.5',
70 silly cache add   type: 'version' }
71 silly addNamed uglify-js@1.2.5
72 verbose addNamed "1.2.5" is a plain semver version for uglify-js
73 silly mapToRegistry name uglify-js
74 silly mapToRegistry using default registry
75 silly mapToRegistry registry https://registry.npmjs.org/
76 silly mapToRegistry uri https://registry.npmjs.org/uglify-js
77 verbose addNameVersion registry:https://registry.npmjs.org/uglify-js not in flight; fetching
78 verbose get https://registry.npmjs.org/uglify-js not expired, no request
79 silly mapToRegistry name uglify-js
80 silly mapToRegistry using default registry
81 silly mapToRegistry registry https://registry.npmjs.org/
82 silly mapToRegistry uri https://registry.npmjs.org/uglify-js
83 verbose addRemoteTarball https://registry.npmjs.org/uglify-js/-/uglify-js-1.2.5.tgz not in flight; adding
84 verbose addRemoteTarball [ 'https://registry.npmjs.org/uglify-js/-/uglify-js-1.2.5.tgz',
84 verbose addRemoteTarball   'b542c2c76f78efb34b200b20177634330ff702b6' ]
85 info retry fetch attempt 1 at 6:11:56 PM
86 info attempt registry request try #1 at 6:11:56 PM
87 http fetch GET https://registry.npmjs.org/uglify-js/-/uglify-js-1.2.5.tgz
88 verbose request using bearer token for auth
89 http fetch 200 https://registry.npmjs.org/uglify-js/-/uglify-js-1.2.5.tgz
90 silly fetchAndShaCheck shasum b542c2c76f78efb34b200b20177634330ff702b6
91 verbose addTmpTarball /tmp/npm-25498-11653edd/registry.npmjs.org/uglify-js/-/uglify-js-1.2.5.tgz not in flight; adding
92 verbose addTmpTarball already have metadata; skipping unpack for uglify-js@1.2.5
93 silly rollbackFailedOptional Starting
94 silly rollbackFailedOptional Finishing
95 silly runTopLevelLifecycles Starting
96 silly runTopLevelLifecycles Finishing
97 silly install printInstalled
98 verbose stack Error: EACCES: permission denied, mkdir '/home/altanai/.npm/uglify-js/1.2.5'
98 verbose stack     at Error (native)
99 verbose cwd /home/altanai/webrtcWSwksppace/webrtcdevelopment
100 error Linux 4.2.0-41-generic
101 error argv "/home/altanai/.nvm/versions/node/v5.0.0/bin/node" "/home/altanai/.nvm/versions/node/v5.0.0/bin/npm" "install"
102 error node v5.0.0
103 error npm  v3.3.6
104 error path /home/altanai/.npm/uglify-js/1.2.5
105 error code EACCES
106 error errno -13
107 error syscall mkdir
108 error Error: EACCES: permission denied, mkdir '/home/altanai/.npm/uglify-js/1.2.5'
108 error     at Error (native)
108 error  { [Error: EACCES: permission denied, mkdir '/home/altanai/.npm/uglify-js/1.2.5']
108 error   errno: -13,
108 error   code: 'EACCES',
108 error   syscall: 'mkdir',
108 error   path: '/home/altanai/.npm/uglify-js/1.2.5',
108 error   parent: 'socket.io-client' }
109 error Please try running this command again as root/Administrator.
110 verbose exit [ -13, true ]
